mode: set
GuppyTech/modules/v1/utilities/device/service/service.go:10.111,15.30 4 1
GuppyTech/modules/v1/utilities/device/service/service.go:23.2,23.22 1 1
GuppyTech/modules/v1/utilities/device/service/service.go:28.2,28.18 1 1
GuppyTech/modules/v1/utilities/device/service/service.go:15.30,17.3 1 0
GuppyTech/modules/v1/utilities/device/service/service.go:17.8,17.37 1 1
GuppyTech/modules/v1/utilities/device/service/service.go:17.37,19.3 1 1
GuppyTech/modules/v1/utilities/device/service/service.go:19.8,21.3 1 0
GuppyTech/modules/v1/utilities/device/service/service.go:23.22,25.3 1 0
GuppyTech/modules/v1/utilities/device/service/service.go:25.8,27.3 1 1
GuppyTech/modules/v1/utilities/device/service/service.go:31.74,33.27 2 1
GuppyTech/modules/v1/utilities/device/service/service.go:38.2,38.20 1 1
GuppyTech/modules/v1/utilities/device/service/service.go:33.27,36.3 2 1
GuppyTech/modules/v1/utilities/device/service/service.go:41.92,43.28 2 1
GuppyTech/modules/v1/utilities/device/service/service.go:48.2,49.35 2 1
GuppyTech/modules/v1/utilities/device/service/service.go:43.28,46.3 2 1
GuppyTech/modules/v1/utilities/device/service/service.go:52.71,54.2 1 1
GuppyTech/modules/v1/utilities/device/service/service.go:56.104,57.19 1 1
GuppyTech/modules/v1/utilities/device/service/service.go:62.2,62.72 1 1
GuppyTech/modules/v1/utilities/device/service/service.go:57.19,59.3 1 1
GuppyTech/modules/v1/utilities/device/service/service.go:59.8,59.26 1 1
GuppyTech/modules/v1/utilities/device/service/service.go:59.26,61.3 1 1
GuppyTech/modules/v1/utilities/device/service/service.go:65.77,67.2 1 1
GuppyTech/modules/v1/utilities/device/service/service.go:69.82,73.2 3 1
GuppyTech/modules/v1/utilities/device/service/service.go:75.106,77.28 2 1
GuppyTech/modules/v1/utilities/device/service/service.go:82.2,83.35 2 1
GuppyTech/modules/v1/utilities/device/service/service.go:77.28,80.3 2 1
GuppyTech/modules/v1/utilities/device/service/service.go:86.56,88.2 1 1
GuppyTech/modules/v1/utilities/device/service/service.go:90.62,92.2 1 1
GuppyTech/modules/v1/utilities/device/service/service.go:94.89,96.2 1 1
GuppyTech/modules/v1/utilities/device/service/service.go:98.65,100.2 1 0
GuppyTech/modules/v1/utilities/device/service/service.go:102.90,104.2 1 0
GuppyTech/modules/v1/utilities/device/service/service_adapter.go:30.80,32.2 1 0
