mode: set
GuppyTech/modules/v1/utilities/device/handler/http_adapter.go:16.70,18.2 1 1
GuppyTech/modules/v1/utilities/device/handler/http_adapter.go:20.60,25.2 4 0
GuppyTech/modules/v1/utilities/device/handler/http_handler.go:16.58,18.55 2 1
GuppyTech/modules/v1/utilities/device/handler/http_handler.go:23.2,26.16 4 1
GuppyTech/modules/v1/utilities/device/handler/http_handler.go:18.55,22.3 3 1
GuppyTech/modules/v1/utilities/device/handler/http_handler.go:26.16,29.3 2 1
GuppyTech/modules/v1/utilities/device/handler/http_handler.go:32.49,44.16 11 1
GuppyTech/modules/v1/utilities/device/handler/http_handler.go:49.2,49.32 1 0
GuppyTech/modules/v1/utilities/device/handler/http_handler.go:54.2,54.8 1 0
GuppyTech/modules/v1/utilities/device/handler/http_handler.go:44.16,47.3 2 0
GuppyTech/modules/v1/utilities/device/handler/http_handler.go:49.32,51.3 1 0
GuppyTech/modules/v1/utilities/device/handler/http_handler.go:51.8,51.39 1 0
GuppyTech/modules/v1/utilities/device/handler/http_handler.go:51.39,53.3 1 0
GuppyTech/modules/v1/utilities/device/handler/http_handler.go:57.51,62.16 4 1
GuppyTech/modules/v1/utilities/device/handler/http_handler.go:66.2,69.51 3 1
GuppyTech/modules/v1/utilities/device/handler/http_handler.go:62.16,65.3 2 1
GuppyTech/modules/v1/utilities/device/handler/http_handler.go:72.54,75.16 3 1
GuppyTech/modules/v1/utilities/device/handler/http_handler.go:79.2,79.51 1 1
GuppyTech/modules/v1/utilities/device/handler/http_handler.go:75.16,78.3 2 1
GuppyTech/modules/v1/utilities/device/handler/http_handler.go:82.52,89.16 5 1
GuppyTech/modules/v1/utilities/device/handler/http_handler.go:94.2,94.51 1 1
GuppyTech/modules/v1/utilities/device/handler/http_handler.go:89.16,92.3 2 1
GuppyTech/modules/v1/utilities/device/handler/http_handler.go:97.53,105.16 6 0
GuppyTech/modules/v1/utilities/device/handler/http_handler.go:109.2,109.51 1 0
GuppyTech/modules/v1/utilities/device/handler/http_handler.go:105.16,108.3 2 0
GuppyTech/modules/v1/utilities/device/handler/http_handler.go:112.56,116.16 3 0
GuppyTech/modules/v1/utilities/device/handler/http_handler.go:122.2,128.16 5 0
GuppyTech/modules/v1/utilities/device/handler/http_handler.go:116.16,120.3 3 0
GuppyTech/modules/v1/utilities/device/handler/http_handler.go:128.16,131.3 2 0
