mode: set
GuppyTech/modules/v1/utilities/device/repository/repository.go:13.98,17.2 3 1
GuppyTech/modules/v1/utilities/device/repository/repository.go:19.77,24.2 3 1
GuppyTech/modules/v1/utilities/device/repository/repository.go:26.88,30.2 3 1
GuppyTech/modules/v1/utilities/device/repository/repository.go:32.87,36.2 3 1
GuppyTech/modules/v1/utilities/device/repository/repository.go:38.74,41.2 2 1
GuppyTech/modules/v1/utilities/device/repository/repository.go:43.107,52.16 5 1
GuppyTech/modules/v1/utilities/device/repository/repository.go:56.2,61.16 5 1
GuppyTech/modules/v1/utilities/device/repository/repository.go:65.2,66.16 2 1
GuppyTech/modules/v1/utilities/device/repository/repository.go:70.2,70.12 1 1
GuppyTech/modules/v1/utilities/device/repository/repository.go:52.16,54.3 1 1
GuppyTech/modules/v1/utilities/device/repository/repository.go:61.16,63.3 1 1
GuppyTech/modules/v1/utilities/device/repository/repository.go:66.16,68.3 1 1
GuppyTech/modules/v1/utilities/device/repository/repository.go:73.80,77.2 3 1
GuppyTech/modules/v1/utilities/device/repository/repository.go:79.85,83.2 3 1
GuppyTech/modules/v1/utilities/device/repository/repository.go:85.101,89.2 3 1
GuppyTech/modules/v1/utilities/device/repository/repository.go:91.59,95.2 3 1
GuppyTech/modules/v1/utilities/device/repository/repository.go:97.65,101.2 3 1
GuppyTech/modules/v1/utilities/device/repository/repository.go:103.92,106.2 2 1
GuppyTech/modules/v1/utilities/device/repository/repository.go:108.68,111.2 2 0
GuppyTech/modules/v1/utilities/device/repository/repository.go:113.93,122.16 5 0
GuppyTech/modules/v1/utilities/device/repository/repository.go:126.2,131.16 5 0
GuppyTech/modules/v1/utilities/device/repository/repository.go:135.2,136.16 2 0
GuppyTech/modules/v1/utilities/device/repository/repository.go:140.2,140.12 1 0
GuppyTech/modules/v1/utilities/device/repository/repository.go:122.16,124.3 1 0
GuppyTech/modules/v1/utilities/device/repository/repository.go:131.16,133.3 1 0
GuppyTech/modules/v1/utilities/device/repository/repository.go:136.16,138.3 1 0
GuppyTech/modules/v1/utilities/device/repository/repository_adapter.go:32.63,34.2 1 1
